This is pdfTeX, Version 3.14159265-2.6-1.40.17 (TeX Live 2016) (preloaded format=pdflatex 2016.12.29)  29 APR 2022 14:42
entering extended mode
 restricted \write18 enabled.
 %&-line parsing enabled.
**TunableMongoDB_Repl.tex
(./TunableMongoDB_Repl.tex
LaTeX2e <2016/03/31>
Babel <3.9r> and hyphenation patterns for 83 language(s) loaded.

(/usr/local/texlive/2016/texmf-dist/tex/latex/base/article.cls
Document Class: article 2014/09/29 v1.4h Standard LaTeX document class
(/usr/local/texlive/2016/texmf-dist/tex/latex/base/size10.clo
File: size10.clo 2014/09/29 v1.4h Standard LaTeX file (size option)
)
\c@part=\count79
\c@section=\count80
\c@subsection=\count81
\c@subsubsection=\count82
\c@paragraph=\count83
\c@subparagraph=\count84
\c@figure=\count85
\c@table=\count86
\abovecaptionskip=\skip41
\belowcaptionskip=\skip42
\bibindent=\dimen102
) (/usr/local/texlive/2016/texmf-dist/tex/latex/graphics/color.sty
Package: color 2016/05/09 v1.1c Standard LaTeX Color (DPC)
(/usr/local/texlive/2016/texmf-dist/tex/latex/graphics-cfg/color.cfg
File: color.cfg 2016/01/02 v1.6 sample color configuration
)
Package color Info: Driver file: pdftex.def on input line 144.
(/usr/local/texlive/2016/texmf-dist/tex/latex/pdftex-def/pdftex.def
File: pdftex.def 2011/05/27 v0.06d Graphics/color for pdfTeX
(/usr/local/texlive/2016/texmf-dist/tex/generic/oberdiek/infwarerr.sty
Package: infwarerr 2016/05/16 v1.4 Providing info/warning/error messages (HO)
) (/usr/local/texlive/2016/texmf-dist/tex/generic/oberdiek/ltxcmds.sty
Package: ltxcmds 2016/05/16 v1.23 LaTeX kernel commands for general use (HO)
)
\Gread@gobject=\count87
)) (/usr/local/texlive/2016/texmf-dist/tex/latex/base/latexsym.sty
Package: latexsym 1998/08/17 v2.2e Standard LaTeX package (lasy symbols)
\symlasy=\mathgroup4
LaTeX Font Info:    Overwriting symbol font `lasy' in version `bold'
(Font)                  U/lasy/m/n --> U/lasy/b/n on input line 52.
) (/usr/local/texlive/2016/texmf-dist/tex/latex/base/ifthen.sty
Package: ifthen 2014/09/29 v1.1c Standard LaTeX ifthen package (DPC)
)
\symlength=\skip43
\equalswidth=\skip44
\charwidth=\skip45
\boxrulewd=\skip46
\boxlineht=\skip47
\boxruleht=\skip48
\boxruledp=\skip49
\pcalvspace=\skip50
\lcomindent=\skip51
\@xlen=\skip52
\templena=\skip53
\templenb=\skip54
\tempboxa=\box26
\vshadelen=\skip55
\boxwidth=\skip56
\multicommentdepth=\skip57
\c@pardepth=\count88
\tempsbox=\box27
\@cparht=\skip58
\@cpardp=\skip59
\xmcomlen=\skip60
\spacewidth=\skip61
\alignboxwidth=\skip62
\alignwidth=\skip63
\alignbox=\box28
\symtlaitalics=\mathgroup5
\c@tlx@ctr=\count89
(/usr/local/texlive/2016/texmf-dist/tex/latex/tools/verbatim.sty
Package: verbatim 2014/10/28 v1.5q LaTeX2e package for verbatim enhancements
\every@verbatim=\toks14
\verbatim@line=\toks15
\verbatim@in@stream=\read1
) (./TunableMongoDB_Repl.aux)
\openout1 = `TunableMongoDB_Repl.aux'.

LaTeX Font Info:    Checking defaults for OML/cmm/m/it on input line 939.
LaTeX Font Info:    ... okay on input line 939.
LaTeX Font Info:    Checking defaults for T1/cmr/m/n on input line 939.
LaTeX Font Info:    ... okay on input line 939.
LaTeX Font Info:    Checking defaults for OT1/cmr/m/n on input line 939.
LaTeX Font Info:    ... okay on input line 939.
LaTeX Font Info:    Checking defaults for OMS/cmsy/m/n on input line 939.
LaTeX Font Info:    ... okay on input line 939.
LaTeX Font Info:    Checking defaults for OMX/cmex/m/n on input line 939.
LaTeX Font Info:    ... okay on input line 939.
LaTeX Font Info:    Checking defaults for U/cmr/m/n on input line 939.
LaTeX Font Info:    ... okay on input line 939.
(/usr/local/texlive/2016/texmf-dist/tex/context/base/mkii/supp-pdf.mkii
[Loading MPS to PDF converter (version 2006.09.02).]
\scratchcounter=\count90
\scratchdimen=\dimen103
\scratchbox=\box29
\nofMPsegments=\count91
\nofMParguments=\count92
\everyMPshowfont=\toks16
\MPscratchCnt=\count93
\MPscratchDim=\dimen104
\MPnumerator=\count94
\makeMPintoPDFobject=\count95
\everyMPtoPDFconversion=\toks17
)
LaTeX Font Info:    External font `cmex10' loaded for size
(Font)              <8> on input line 943.
LaTeX Font Info:    External font `cmex10' loaded for size
(Font)              <6> on input line 943.
LaTeX Font Info:    External font `cmex10' loaded for size
(Font)              <5> on input line 943.
LaTeX Font Info:    Try loading font information for U+lasy on input line 943.
(/usr/local/texlive/2016/texmf-dist/tex/latex/base/ulasy.fd
File: ulasy.fd 1998/08/17 v2.2e LaTeX symbol font definitions
)
Missing character: There is no Ê in font cmr8!
Missing character: There is no ∂ in font cmr8!
Missing character: There is no à in font cmr8!
Missing character: There is no Ê in font cmr8!
Missing character: There is no Å in font cmr8!
Missing character: There is no Ø in font cmr8!
Missing character: There is no Â in font cmr8!
Missing character: There is no ≠ in font cmr8!
Missing character: There is no ò in font cmr8!
Missing character: There is no Â in font cmr8!
Missing character: There is no ú in font cmr8!
Missing character: There is no ® in font cmr8!
Missing character: There is no Â in font cmr8!
Missing character: There is no ª in font cmr8!
Missing character: There is no ∂ in font cmr8!
Missing character: There is no Ë in font cmr8!
Missing character: There is no ø in font cmr8!
Missing character: There is no ü in font cmr8!
Missing character: There is no Ô in font cmr8!
Missing character: There is no º in font cmr8!
Missing character: There is no å in font cmr8!
Missing character: There is no Ê in font cmr8!
Missing character: There is no Ø in font cmr8!
Missing character: There is no î in font cmr8!
Missing character: There is no Â in font cmr8!
Missing character: There is no ¶ in font cmr8!
Missing character: There is no Ç in font cmr8!
Missing character: There is no Ë in font cmr8!
Missing character: There is no Ø in font cmr8!
Missing character: There is no ¥ in font cmr8!
Missing character: There is no Ê in font cmr8!
Missing character: There is no ñ in font cmr8!
Missing character: There is no ∞ in font cmr8!
Missing character: There is no Á in font cmr8!
Missing character: There is no ö in font cmr8!
Missing character: There is no Ñ in font cmr8!
Missing character: There is no ‰ in font cmr8!
Missing character: There is no ∏ in font cmr8!
Missing character: There is no ª in font cmr8!
Missing character: There is no Â in font cmr8!
Missing character: There is no Ω in font cmr8!
Missing character: There is no ì in font cmr8!
Missing character: There is no È in font cmr8!
Missing character: There is no Ä in font cmr8!
Missing character: There is no â in font cmr8!
Missing character: There is no ‰ in font cmr8!
Missing character: There is no π in font cmr8!
Missing character: There is no ã in font cmr8!
Missing character: There is no Â in font cmr8!
Missing character: There is no ê in font cmr8!
Missing character: There is no é in font cmr8!
Missing character: There is no Ê in font cmr8!
Missing character: There is no î in font cmr8!
Missing character: There is no ∂ in font cmr8!
Missing character: There is no Â in font cmr8!
Missing character: There is no à in font cmr8!
Missing character: There is no ∞ in font cmr8!
Missing character: There is no Ê in font cmr8!
Missing character: There is no ó in font cmr8!
Missing character: There is no ß in font cmr8!
Missing character: There is no ‰ in font cmr8!
Missing character: There is no ∏ in font cmr8!
Missing character: There is no ª in font cmr8!
Missing character: There is no Á in font cmr8!
Missing character: There is no ö in font cmr8!
Missing character: There is no Ñ in font cmr8!
Missing character: There is no ‰ in font cmr8!
Missing character: There is no π in font cmr8!
Missing character: There is no ã in font cmr8!
Missing character: There is no Á in font cmr8!
Missing character: There is no ± in font cmr8!
Missing character: There is no ª in font cmr8!
LaTeX Font Info:    External font `cmex10' loaded for size
(Font)              <7> on input line 947.
[1

{/usr/local/texlive/2016/texmf-var/fonts/map/pdftex/updmap/pdftex.map}] [2] [3]
[4]
Overfull \hbox (24.78592pt too wide) in paragraph at lines 1514--1515
[][] 
 []

[5]
Overfull \hbox (132.90065pt too wide) in paragraph at lines 1564--1565
[][] 
 []


Overfull \hbox (157.08122pt too wide) in paragraph at lines 1568--1569
[][] 
 []


Overfull \hbox (18.83688pt too wide) in paragraph at lines 1573--1574
[][] 
 []

Missing character: There is no Ê in font cmr8!
Missing character: There is no ≥ in font cmr8!
Missing character: There is no ® in font cmr8!
Missing character: There is no Ê in font cmr8!
Missing character: There is no Ñ in font cmr8!
Missing character: There is no è in font cmr8!
Missing character: There is no Ô in font cmr8!
Missing character: There is no º in font cmr8!
Missing character: There is no ö in font cmr8!
Missing character: There is no Ê in font cmr8!
Missing character: There is no ≤ in font cmr8!
Missing character: There is no ° in font cmr8!
Missing character: There is no Ê in font cmr8!
Missing character: There is no ú in font cmr8!
Missing character: There is no â in font cmr8!
Missing character: There is no Ê in font cmr8!
Missing character: There is no õ in font cmr8!
Missing character: There is no ¥ in font cmr8!
Missing character: There is no Ê in font cmr8!
Missing character: There is no ñ in font cmr8!
Missing character: There is no ∞ in font cmr8!
Missing character: There is no Ô in font cmr8!
Missing character: There is no º in font cmr8!
Missing character: There is no å in font cmr8!
Missing character: There is no Ê in font cmr8!
Missing character: There is no ≤ in font cmr8!
Missing character: There is no ° in font cmr8!
Missing character: There is no Ê in font cmr8!
Missing character: There is no ú in font cmr8!
Missing character: There is no â in font cmr8!
Missing character: There is no Ê in font cmr8!
Missing character: There is no õ in font cmr8!
Missing character: There is no ¥ in font cmr8!
Missing character: There is no Ê in font cmr8!
Missing character: There is no ñ in font cmr8!
Missing character: There is no ∞ in font cmr8!
Missing character: There is no Ô in font cmr8!
Missing character: There is no º in font cmr8!
Missing character: There is no å in font cmr8!
Missing character: There is no ‰ in font cmr8!
Missing character: There is no π in font cmr8!
Missing character: There is no ü in font cmr8!
Missing character: There is no Ê in font cmr8!
Missing character: There is no ≤ in font cmr8!
Missing character: There is no ° in font cmr8!
Missing character: There is no Ê in font cmr8!
Missing character: There is no ú in font cmr8!
Missing character: There is no â in font cmr8!
Missing character: There is no Ê in font cmr8!
Missing character: There is no õ in font cmr8!
Missing character: There is no ¥ in font cmr8!
Missing character: There is no Ê in font cmr8!
Missing character: There is no ñ in font cmr8!
Missing character: There is no ∞ in font cmr8!
Missing character: There is no Á in font cmr8!
Missing character: There is no ä in font cmr8!
Missing character: There is no ∂ in font cmr8!
Missing character: There is no Ê in font cmr8!
Missing character: There is no Ä in font cmr8!
Missing character: There is no Å in font cmr8!

Overfull \hbox (15.43768pt too wide) in paragraph at lines 1609--1610
[][] 
 []


Overfull \hbox (89.99008pt too wide) in paragraph at lines 1622--1628
[][][][] 
 []


Overfull \hbox (54.03415pt too wide) in paragraph at lines 1633--1640
[][][][] 
 []


Overfull \hbox (91.45142pt too wide) in paragraph at lines 1672--1679
[][][][] 
 []

[6]
Overfull \hbox (67.31223pt too wide) in paragraph at lines 1701--1708
[][][][] 
 []


Overfull \hbox (93.14404pt too wide) in paragraph at lines 1726--1727
[][] 
 []


Overfull \hbox (81.86456pt too wide) in paragraph at lines 1736--1738
[][] 
 []


Overfull \hbox (40.03868pt too wide) in paragraph at lines 1752--1757
[][][][] 
 []


Overfull \hbox (15.43768pt too wide) in paragraph at lines 1775--1776
[][] 
 []


Overfull \hbox (46.27425pt too wide) in paragraph at lines 1779--1780
[][] 
 []


Overfull \hbox (0.88286pt too wide) in paragraph at lines 1780--1786
[][][][] 
 []


Overfull \hbox (197.25964pt too wide) in paragraph at lines 1792--1793
[][] 
 []


Overfull \hbox (174.33171pt too wide) in paragraph at lines 1795--1796
[][] 
 []

[7]
Overfull \hbox (93.14404pt too wide) in paragraph at lines 1805--1806
[][] 
 []


Overfull \hbox (81.86456pt too wide) in paragraph at lines 1813--1815
[][] 
 []


Overfull \hbox (0.94781pt too wide) in paragraph at lines 1815--1818
[][] 
 []


Overfull \hbox (199.78485pt too wide) in paragraph at lines 1818--1821
[][] 
 []


Overfull \hbox (176.77188pt too wide) in paragraph at lines 1821--1823
[][] 
 []


Overfull \hbox (32.26842pt too wide) in paragraph at lines 1823--1824
[][] 
 []


Overfull \hbox (221.86151pt too wide) in paragraph at lines 1824--1831
[][][][] 
 []


Overfull \hbox (316.95306pt too wide) in paragraph at lines 1831--1832
[][] 
 []


Overfull \hbox (16.5806pt too wide) in paragraph at lines 1848--1849
[][] 
 []

[8]
Overfull \hbox (144.07608pt too wide) in paragraph at lines 1914--1919
[][][][] 
 []


Overfull \hbox (171.2778pt too wide) in paragraph at lines 1936--1938
[][] 
 []


Overfull \hbox (9.21422pt too wide) in paragraph at lines 1938--1940
[][] 
 []


Overfull \hbox (144.07608pt too wide) in paragraph at lines 1976--1982
[][][][] 
 []

[9]
Overfull \hbox (104.84407pt too wide) in paragraph at lines 2014--2019
[][][][] 
 []


Overfull \hbox (171.2778pt too wide) in paragraph at lines 2028--2030
[][] 
 []


Overfull \hbox (9.21422pt too wide) in paragraph at lines 2030--2032
[][] 
 []


Overfull \hbox (20.16109pt too wide) in paragraph at lines 2048--2049
[][] 
 []

[10]
Overfull \hbox (3.68733pt too wide) in paragraph at lines 2152--2154
[][] 
 []

[11] [12] (./TunableMongoDB_Repl.aux) ) 
Here is how much of TeX's memory you used:
 1290 strings out of 493014
 16007 string characters out of 6133350
 88257 words of memory out of 5000000
 4865 multiletter control sequences out of 15000+600000
 9111 words of font info for 35 fonts, out of 8000000 for 9000
 1141 hyphenation exceptions out of 8191
 23i,11n,25p,290b,263s stack positions out of 5000i,500n,10000p,200000b,80000s
</usr/local/texlive/2016/texmf-dist/font
s/type1/public/amsfonts/cm/cmcsc10.pfb></usr/local/texlive/2016/texmf-dist/font
s/type1/public/amsfonts/cm/cmmi10.pfb></usr/local/texlive/2016/texmf-dist/fonts
/type1/public/amsfonts/cm/cmmi8.pfb></usr/local/texlive/2016/texmf-dist/fonts/t
ype1/public/amsfonts/cm/cmr10.pfb></usr/local/texlive/2016/texmf-dist/fonts/typ
e1/public/amsfonts/cm/cmr5.pfb></usr/local/texlive/2016/texmf-dist/fonts/type1/
public/amsfonts/cm/cmr8.pfb></usr/local/texlive/2016/texmf-dist/fonts/type1/pub
lic/amsfonts/cm/cmr9.pfb></usr/local/texlive/2016/texmf-dist/fonts/type1/public
/amsfonts/cm/cmss10.pfb></usr/local/texlive/2016/texmf-dist/fonts/type1/public/
amsfonts/cm/cmsy10.pfb></usr/local/texlive/2016/texmf-dist/fonts/type1/public/a
msfonts/cm/cmsy6.pfb></usr/local/texlive/2016/texmf-dist/fonts/type1/public/ams
fonts/cm/cmsy7.pfb></usr/local/texlive/2016/texmf-dist/fonts/type1/public/amsfo
nts/cm/cmsy8.pfb></usr/local/texlive/2016/texmf-dist/fonts/type1/public/amsfont
s/cm/cmti10.pfb></usr/local/texlive/2016/texmf-dist/fonts/type1/public/amsfonts
/cm/cmti7.pfb></usr/local/texlive/2016/texmf-dist/fonts/type1/public/amsfonts/c
m/cmti8.pfb></usr/local/texlive/2016/texmf-dist/fonts/type1/public/amsfonts/lat
xfont/lasy10.pfb>
Output written on TunableMongoDB_Repl.pdf (12 pages, 196729 bytes).
PDF statistics:
 107 PDF objects out of 1000 (max. 8388607)
 76 compressed objects within 1 object stream
 0 named destinations out of 1000 (max. 500000)
 1 words of extra memory for PDF output out of 10000 (max. 10000000)

