This is pdfTeX, Version 3.14159265-2.6-1.40.17 (TeX Live 2016) (preloaded format=pdflatex 2016.12.29)  27 JUN 2022 15:53
entering extended mode
 restricted \write18 enabled.
 %&-line parsing enabled.
**TunableMongoDB_RBK.tex
(./TunableMongoDB_RBK.tex
LaTeX2e <2016/03/31>
Babel <3.9r> and hyphenation patterns for 83 language(s) loaded.

(/usr/local/texlive/2016/texmf-dist/tex/latex/base/article.cls
Document Class: article 2014/09/29 v1.4h Standard LaTeX document class
(/usr/local/texlive/2016/texmf-dist/tex/latex/base/size10.clo
File: size10.clo 2014/09/29 v1.4h Standard LaTeX file (size option)
)
\c@part=\count79
\c@section=\count80
\c@subsection=\count81
\c@subsubsection=\count82
\c@paragraph=\count83
\c@subparagraph=\count84
\c@figure=\count85
\c@table=\count86
\abovecaptionskip=\skip41
\belowcaptionskip=\skip42
\bibindent=\dimen102
) (/usr/local/texlive/2016/texmf-dist/tex/latex/graphics/color.sty
Package: color 2016/05/09 v1.1c Standard LaTeX Color (DPC)
(/usr/local/texlive/2016/texmf-dist/tex/latex/graphics-cfg/color.cfg
File: color.cfg 2016/01/02 v1.6 sample color configuration
)
Package color Info: Driver file: pdftex.def on input line 144.
(/usr/local/texlive/2016/texmf-dist/tex/latex/pdftex-def/pdftex.def
File: pdftex.def 2011/05/27 v0.06d Graphics/color for pdfTeX
(/usr/local/texlive/2016/texmf-dist/tex/generic/oberdiek/infwarerr.sty
Package: infwarerr 2016/05/16 v1.4 Providing info/warning/error messages (HO)
) (/usr/local/texlive/2016/texmf-dist/tex/generic/oberdiek/ltxcmds.sty
Package: ltxcmds 2016/05/16 v1.23 LaTeX kernel commands for general use (HO)
)
\Gread@gobject=\count87
)) (/usr/local/texlive/2016/texmf-dist/tex/latex/base/latexsym.sty
Package: latexsym 1998/08/17 v2.2e Standard LaTeX package (lasy symbols)
\symlasy=\mathgroup4
LaTeX Font Info:    Overwriting symbol font `lasy' in version `bold'
(Font)                  U/lasy/m/n --> U/lasy/b/n on input line 52.
) (/usr/local/texlive/2016/texmf-dist/tex/latex/base/ifthen.sty
Package: ifthen 2014/09/29 v1.1c Standard LaTeX ifthen package (DPC)
)
\symlength=\skip43
\equalswidth=\skip44
\charwidth=\skip45
\boxrulewd=\skip46
\boxlineht=\skip47
\boxruleht=\skip48
\boxruledp=\skip49
\pcalvspace=\skip50
\lcomindent=\skip51
\@xlen=\skip52
\templena=\skip53
\templenb=\skip54
\tempboxa=\box26
\vshadelen=\skip55
\boxwidth=\skip56
\multicommentdepth=\skip57
\c@pardepth=\count88
\tempsbox=\box27
\@cparht=\skip58
\@cpardp=\skip59
\xmcomlen=\skip60
\spacewidth=\skip61
\alignboxwidth=\skip62
\alignwidth=\skip63
\alignbox=\box28
\symtlaitalics=\mathgroup5
\c@tlx@ctr=\count89
(/usr/local/texlive/2016/texmf-dist/tex/latex/tools/verbatim.sty
Package: verbatim 2014/10/28 v1.5q LaTeX2e package for verbatim enhancements
\every@verbatim=\toks14
\verbatim@line=\toks15
\verbatim@in@stream=\read1
) (./TunableMongoDB_RBK.aux)
\openout1 = `TunableMongoDB_RBK.aux'.

LaTeX Font Info:    Checking defaults for OML/cmm/m/it on input line 939.
LaTeX Font Info:    ... okay on input line 939.
LaTeX Font Info:    Checking defaults for T1/cmr/m/n on input line 939.
LaTeX Font Info:    ... okay on input line 939.
LaTeX Font Info:    Checking defaults for OT1/cmr/m/n on input line 939.
LaTeX Font Info:    ... okay on input line 939.
LaTeX Font Info:    Checking defaults for OMS/cmsy/m/n on input line 939.
LaTeX Font Info:    ... okay on input line 939.
LaTeX Font Info:    Checking defaults for OMX/cmex/m/n on input line 939.
LaTeX Font Info:    ... okay on input line 939.
LaTeX Font Info:    Checking defaults for U/cmr/m/n on input line 939.
LaTeX Font Info:    ... okay on input line 939.
(/usr/local/texlive/2016/texmf-dist/tex/context/base/mkii/supp-pdf.mkii
[Loading MPS to PDF converter (version 2006.09.02).]
\scratchcounter=\count90
\scratchdimen=\dimen103
\scratchbox=\box29
\nofMPsegments=\count91
\nofMParguments=\count92
\everyMPshowfont=\toks16
\MPscratchCnt=\count93
\MPscratchDim=\dimen104
\MPnumerator=\count94
\makeMPintoPDFobject=\count95
\everyMPtoPDFconversion=\toks17
)
LaTeX Font Info:    External font `cmex10' loaded for size
(Font)              <7> on input line 942.
LaTeX Font Info:    External font `cmex10' loaded for size
(Font)              <5> on input line 942.
LaTeX Font Info:    Try loading font information for U+lasy on input line 942.
(/usr/local/texlive/2016/texmf-dist/tex/latex/base/ulasy.fd
File: ulasy.fd 1998/08/17 v2.2e LaTeX symbol font definitions
)
LaTeX Font Info:    External font `cmex10' loaded for size
(Font)              <8> on input line 969.
LaTeX Font Info:    External font `cmex10' loaded for size
(Font)              <6> on input line 969.

Overfull \hbox (38.4786pt too wide) in paragraph at lines 976--982
[][][][] 
 []


Overfull \hbox (39.88277pt too wide) in paragraph at lines 1134--1140
[][][][] 
 []


Overfull \hbox (64.85924pt too wide) in paragraph at lines 1153--1155
[][] 
 []

[1

{/usr/local/texlive/2016/texmf-var/fonts/map/pdftex/updmap/pdftex.map}]
Overfull \hbox (79.9204pt too wide) in paragraph at lines 1155--1156
[][] 
 []


Overfull \hbox (12.79077pt too wide) in paragraph at lines 1182--1187
[][][][] 
 []

[2]
Overfull \hbox (15.5152pt too wide) in paragraph at lines 1272--1274
[][] 
 []


Overfull \hbox (43.6915pt too wide) in paragraph at lines 1277--1284
[][][][] 
 []


Overfull \hbox (33.9736pt too wide) in paragraph at lines 1284--1286
[][] 
 []


Overfull \hbox (12.82724pt too wide) in paragraph at lines 1286--1287
[][] 
 []

[3]
Overfull \hbox (185.79196pt too wide) in paragraph at lines 1402--1403
[][] 
 []


Overfull \hbox (94.60674pt too wide) in paragraph at lines 1403--1406
[][] 
 []


Overfull \hbox (114.24684pt too wide) in paragraph at lines 1406--1407
[][] 
 []


Overfull \hbox (70.81277pt too wide) in paragraph at lines 1419--1426
[][][][] 
 []


Overfull \hbox (136.83768pt too wide) in paragraph at lines 1447--1453
[][][][] 
 []


Overfull \hbox (36.07921pt too wide) in paragraph at lines 1453--1454
[][] 
 []


Overfull \hbox (119.11171pt too wide) in paragraph at lines 1457--1458
[][] 
 []


Overfull \hbox (19.44763pt too wide) in paragraph at lines 1467--1468
[][] 
 []

[4] [5]
Overfull \hbox (79.1693pt too wide) in paragraph at lines 1581--1582
[][] 
 []


Overfull \hbox (147.21567pt too wide) in paragraph at lines 1590--1591
[][] 
 []


Overfull \hbox (27.74391pt too wide) in paragraph at lines 1632--1633
[][] 
 []


Overfull \hbox (188.1883pt too wide) in paragraph at lines 1641--1642
[][] 
 []

Missing character: There is no Ê in font cmr8!
Missing character: There is no ≥ in font cmr8!
Missing character: There is no ® in font cmr8!
Missing character: There is no Ê in font cmr8!
Missing character: There is no Ñ in font cmr8!
Missing character: There is no è in font cmr8!
Missing character: There is no Ô in font cmr8!
Missing character: There is no º in font cmr8!
Missing character: There is no ö in font cmr8!
Missing character: There is no Ê in font cmr8!
Missing character: There is no ≤ in font cmr8!
Missing character: There is no ° in font cmr8!
Missing character: There is no Ê in font cmr8!
Missing character: There is no ú in font cmr8!
Missing character: There is no â in font cmr8!
Missing character: There is no Ê in font cmr8!
Missing character: There is no õ in font cmr8!
Missing character: There is no ¥ in font cmr8!
Missing character: There is no Ê in font cmr8!
Missing character: There is no ñ in font cmr8!
Missing character: There is no ∞ in font cmr8!
Missing character: There is no Ô in font cmr8!
Missing character: There is no º in font cmr8!
Missing character: There is no å in font cmr8!
Missing character: There is no Ê in font cmr8!
Missing character: There is no ≤ in font cmr8!
Missing character: There is no ° in font cmr8!
Missing character: There is no Ê in font cmr8!
Missing character: There is no ú in font cmr8!
Missing character: There is no â in font cmr8!
Missing character: There is no Ê in font cmr8!
Missing character: There is no õ in font cmr8!
Missing character: There is no ¥ in font cmr8!
Missing character: There is no Ê in font cmr8!
Missing character: There is no ñ in font cmr8!
Missing character: There is no ∞ in font cmr8!
Missing character: There is no Ô in font cmr8!
Missing character: There is no º in font cmr8!
Missing character: There is no å in font cmr8!
Missing character: There is no ‰ in font cmr8!
Missing character: There is no π in font cmr8!
Missing character: There is no ü in font cmr8!
Missing character: There is no Ê in font cmr8!
Missing character: There is no ≤ in font cmr8!
Missing character: There is no ° in font cmr8!
Missing character: There is no Ê in font cmr8!
Missing character: There is no ú in font cmr8!
Missing character: There is no â in font cmr8!
Missing character: There is no Ê in font cmr8!
Missing character: There is no õ in font cmr8!
Missing character: There is no ¥ in font cmr8!
Missing character: There is no Ê in font cmr8!
Missing character: There is no ñ in font cmr8!
Missing character: There is no ∞ in font cmr8!
Missing character: There is no Á in font cmr8!
Missing character: There is no ä in font cmr8!
Missing character: There is no ∂ in font cmr8!
Missing character: There is no Ê in font cmr8!
Missing character: There is no Ä in font cmr8!
Missing character: There is no Å in font cmr8!

Overfull \hbox (18.42857pt too wide) in paragraph at lines 1657--1663
[][][][] 
 []


Overfull \hbox (245.3119pt too wide) in paragraph at lines 1667--1668
[][] 
 []

[6]
Missing character: There is no Â in font cmr8!
Missing character: There is no õ in font cmr8!
Missing character: There is no † in font cmr8!
Missing character: There is no ‰ in font cmr8!
Missing character: There is no ∏ in font cmr8!
Missing character: There is no ∫ in font cmr8!
Missing character: There is no ‰ in font cmr8!
Missing character: There is no π in font cmr8!
Missing character: There is no ã in font cmr8!
Missing character: There is no Â in font cmr8!
Missing character: There is no â in font cmr8!
Missing character: There is no ç in font cmr8!
Missing character: There is no Á in font cmr8!
Missing character: There is no ö in font cmr8!
Missing character: There is no Ñ in font cmr8!
Missing character: There is no Â in font cmr8!
Missing character: There is no à in font cmr8!
Missing character: There is no § in font cmr8!
Missing character: There is no Ê in font cmr8!
Missing character: There is no ñ in font cmr8!
Missing character: There is no ≠ in font cmr8!
Missing character: There is no Ô in font cmr8!
Missing character: There is no º in font cmr8!
Missing character: There is no å in font cmr8!
Missing character: There is no Ê in font cmr8!
Missing character: There is no † in font cmr8!
Missing character: There is no π in font cmr8!
Missing character: There is no Ê in font cmr8!
Missing character: There is no ú in font cmr8!
Missing character: There is no ¨ in font cmr8!
Missing character: There is no ‰ in font cmr8!
Missing character: There is no ∏ in font cmr8!
Missing character: There is no ç in font cmr8!
Missing character: There is no ‰ in font cmr8!
Missing character: There is no º in font cmr8!
Missing character: There is no ö in font cmr8!
Missing character: There is no Ë in font cmr8!
Missing character: There is no ß in font cmr8!
Missing character: There is no ¶ in font cmr8!
Missing character: There is no Â in font cmr8!
Missing character: There is no è in font cmr8!
Missing character: There is no ë in font cmr8!

Overfull \hbox (34.38316pt too wide) in paragraph at lines 1674--1682
[][][][] 
 []


Overfull \hbox (83.36273pt too wide) in paragraph at lines 1682--1683
[][] 
 []


Overfull \hbox (40.03868pt too wide) in paragraph at lines 1694--1702
[][][][] 
 []


Overfull \hbox (245.3119pt too wide) in paragraph at lines 1702--1703
[][] 
 []


Overfull \hbox (80.67456pt too wide) in paragraph at lines 1709--1711
[][] 
 []


Overfull \hbox (198.59485pt too wide) in paragraph at lines 1714--1717
[][] 
 []


Overfull \hbox (175.5819pt too wide) in paragraph at lines 1717--1719
[][] 
 []


Overfull \hbox (31.07841pt too wide) in paragraph at lines 1719--1720
[][] 
 []


Overfull \hbox (220.67151pt too wide) in paragraph at lines 1720--1727
[][][][] 
 []


Overfull \hbox (315.76306pt too wide) in paragraph at lines 1727--1728
[][] 
 []


Overfull \hbox (19.11278pt too wide) in paragraph at lines 1730--1731
[][] 
 []


Overfull \hbox (100.68857pt too wide) in paragraph at lines 1741--1742
[][] 
 []


Overfull \hbox (42.24039pt too wide) in paragraph at lines 1763--1764
[][] 
 []

Missing character: There is no Ë in font cmr8!
Missing character: There is no ø in font cmr8!
Missing character: There is no õ in font cmr8!
Missing character: There is no Ë in font cmr8!
Missing character: There is no ° in font cmr8!
Missing character: There is no å in font cmr8!
Missing character: There is no Á in font cmr8!
Missing character: There is no ö in font cmr8!
Missing character: There is no Ñ in font cmr8!
Missing character: There is no Ê in font cmr8!
Missing character: There is no ó in font cmr8!
Missing character: There is no ∂ in font cmr8!
Missing character: There is no Â in font cmr8!
Missing character: There is no Ä in font cmr8!
Missing character: There is no ô in font cmr8!
Missing character: There is no Ô in font cmr8!
Missing character: There is no º in font cmr8!
Missing character: There is no å in font cmr8!
Missing character: There is no È in font cmr8!
Missing character: There is no ¶ in font cmr8!
Missing character: There is no ñ in font cmr8!
Missing character: There is no Â in font cmr8!
Missing character: There is no Ö in font cmr8!
Missing character: There is no à in font cmr8!
Missing character: There is no Ë in font cmr8!
Missing character: There is no ø in font cmr8!
Missing character: There is no õ in font cmr8!
Missing character: There is no Ë in font cmr8!
Missing character: There is no ° in font cmr8!
Missing character: There is no å in font cmr8!
Missing character: There is no Á in font cmr8!
Missing character: There is no ö in font cmr8!
Missing character: There is no Ñ in font cmr8!
Missing character: There is no Â in font cmr8!
Missing character: There is no à in font cmr8!
Missing character: There is no § in font cmr8!
Missing character: There is no Ê in font cmr8!
Missing character: There is no ñ in font cmr8!
Missing character: There is no ≠ in font cmr8!
Missing character: There is no Ô in font cmr8!
Missing character: There is no º in font cmr8!
Missing character: There is no å in font cmr8!
Missing character: There is no Ê in font cmr8!
Missing character: There is no ã in font cmr8!
Missing character: There is no • in font cmr8!
Missing character: There is no Ê in font cmr8!
Missing character: There is no ú in font cmr8!
Missing character: There is no â in font cmr8!
Missing character: There is no Ê in font cmr8!
Missing character: There is no õ in font cmr8!
Missing character: There is no ¥ in font cmr8!
Missing character: There is no Â in font cmr8!
Missing character: There is no § in font cmr8!
Missing character: There is no ö in font cmr8!
Missing character: There is no ‰ in font cmr8!
Missing character: There is no ∏ in font cmr8!
Missing character: There is no î in font cmr8!
Missing character: There is no Â in font cmr8!
Missing character: There is no § in font cmr8!
Missing character: There is no ß in font cmr8!
Missing character: There is no ‰ in font cmr8!
Missing character: There is no ∫ in font cmr8!
Missing character: There is no é in font cmr8!
Missing character: There is no Á in font cmr8!
Missing character: There is no ≠ in font cmr8!
Missing character: There is no â in font cmr8!
Missing character: There is no ‰ in font cmr8!
Missing character: There is no ∫ in font cmr8!
Missing character: There is no é in font cmr8!
Missing character: There is no Á in font cmr8!
Missing character: There is no ö in font cmr8!
Missing character: There is no Ñ in font cmr8!
Missing character: There is no Ê in font cmr8!
Missing character: There is no â in font cmr8!
Missing character: There is no ç in font cmr8!
Missing character: There is no Ë in font cmr8!
Missing character: There is no É in font cmr8!
Missing character: There is no Ω in font cmr8!
Missing character: There is no ‰ in font cmr8!
Missing character: There is no Ω in font cmr8!
Missing character: There is no ú in font cmr8!
Missing character: There is no ‰ in font cmr8!
Missing character: There is no ∏ in font cmr8!
Missing character: There is no ∫ in font cmr8!
Missing character: There is no Â in font cmr8!
Missing character: There is no ê in font cmr8!
Missing character: There is no å in font cmr8!
Missing character: There is no Ê in font cmr8!
Missing character: There is no ≠ in font cmr8!
Missing character: There is no • in font cmr8!
Missing character: There is no Ê in font cmr8!
Missing character: There is no ∫ in font cmr8!
Missing character: There is no ê in font cmr8!
Missing character: There is no Â in font cmr8!
Missing character: There is no Ö in font cmr8!
Missing character: There is no ∂ in font cmr8!
Missing character: There is no Ê in font cmr8!
Missing character: There is no ¨ in font cmr8!
Missing character: There is no ° in font cmr8!
Missing character: There is no Ô in font cmr8!
Missing character: There is no º in font cmr8!
Missing character: There is no å in font cmr8!
Missing character: There is no Â in font cmr8!
Missing character: There is no º in font cmr8!
Missing character: There is no Ä in font cmr8!
Missing character: There is no Â in font cmr8!
Missing character: There is no ß in font cmr8!
Missing character: There is no ã in font cmr8!
Missing character: There is no Â in font cmr8!
Missing character: There is no ê in font cmr8!
Missing character: There is no å in font cmr8!
Missing character: There is no Ê in font cmr8!
Missing character: There is no ≠ in font cmr8!
Missing character: There is no • in font cmr8!
Missing character: There is no ‰ in font cmr8!
Missing character: There is no π in font cmr8!
Missing character: There is no ã in font cmr8!
Missing character: There is no Â in font cmr8!
Missing character: There is no ê in font cmr8!
Missing character: There is no é in font cmr8!
Missing character: There is no Ô in font cmr8!
Missing character: There is no º in font cmr8!
Missing character: There is no å in font cmr8!
Missing character: There is no Ê in font cmr8!
Missing character: There is no ä in font cmr8!
Missing character: There is no ä in font cmr8!
Missing character: There is no Â in font cmr8!
Missing character: There is no Ω in font cmr8!
Missing character: There is no ì in font cmr8!
Missing character: There is no Â in font cmr8!
Missing character: There is no â in font cmr8!
Missing character: There is no ç in font cmr8!
Missing character: There is no Ë in font cmr8!
Missing character: There is no ä in font cmr8!
Missing character: There is no Ç in font cmr8!
Missing character: There is no Á in font cmr8!
Missing character: There is no Ç in font cmr8!
Missing character: There is no π in font cmr8!
Missing character: There is no Á in font cmr8!
Missing character: There is no ö in font cmr8!
Missing character: There is no Ñ in font cmr8!
Missing character: There is no Â in font cmr8!
Missing character: There is no ê in font cmr8!
Missing character: There is no å in font cmr8!
Missing character: There is no Ê in font cmr8!
Missing character: There is no ≠ in font cmr8!
Missing character: There is no • in font cmr8!
Missing character: There is no Ê in font cmr8!
Missing character: There is no ∫ in font cmr8!
Missing character: There is no ê in font cmr8!
Missing character: There is no Ë in font cmr8!
Missing character: There is no Æ in font cmr8!
Missing character: There is no æ in font cmr8!
Missing character: There is no Á in font cmr8!
Missing character: There is no Ω in font cmr8!
Missing character: There is no Æ in font cmr8!
Missing character: There is no ‰ in font cmr8!
Missing character: There is no ∏ in font cmr8!
Missing character: There is no ∫ in font cmr8!
Missing character: There is no Ô in font cmr8!
Missing character: There is no º in font cmr8!
Missing character: There is no å in font cmr8!
Missing character: There is no È in font cmr8!
Missing character: There is no ö in font cmr8!
Missing character: There is no è in font cmr8!
Missing character: There is no Â in font cmr8!
Missing character: There is no ê in font cmr8!
Missing character: There is no é in font cmr8!
Missing character: There is no Â in font cmr8!
Missing character: There is no ê in font cmr8!
Missing character: There is no ë in font cmr8!
Missing character: There is no Á in font cmr8!
Missing character: There is no ö in font cmr8!
Missing character: There is no Ñ in font cmr8!
Missing character: There is no ‰ in font cmr8!
Missing character: There is no ø in font cmr8!
Missing character: There is no ° in font cmr8!
Missing character: There is no È in font cmr8!
Missing character: There is no Å in font cmr8!
Missing character: There is no ì in font cmr8!
Missing character: There is no È in font cmr8!
Missing character: There is no á in font cmr8!
Missing character: There is no å in font cmr8!
Missing character: There is no Â in font cmr8!
Missing character: There is no ä in font cmr8!
Missing character: There is no † in font cmr8!
Missing character: There is no Â in font cmr8!
Missing character: There is no Ö in font cmr8!
Missing character: There is no • in font cmr8!
Missing character: There is no Ê in font cmr8!
Missing character: There is no ∂ in font cmr8!
Missing character: There is no à in font cmr8!
Missing character: There is no Ê in font cmr8!
Missing character: There is no Å in font cmr8!
Missing character: There is no Ø in font cmr8!
Missing character: There is no Ê in font cmr8!
Missing character: There is no ú in font cmr8!
Missing character: There is no Ä in font cmr8!
Missing character: There is no Â in font cmr8!
Missing character: There is no ê in font cmr8!
Missing character: There is no é in font cmr8!
Missing character: There is no Ô in font cmr8!
Missing character: There is no º in font cmr8!
Missing character: There is no å in font cmr8!
Missing character: There is no Â in font cmr8!
Missing character: There is no Ö in font cmr8!
Missing character: There is no ≥ in font cmr8!
Missing character: There is no ‰ in font cmr8!
Missing character: There is no ∫ in font cmr8!
Missing character: There is no é in font cmr8!
Missing character: There is no Á in font cmr8!
Missing character: There is no ö in font cmr8!
Missing character: There is no Ñ in font cmr8!
Missing character: There is no Ë in font cmr8!
Missing character: There is no Ω in font cmr8!
Missing character: There is no ¨ in font cmr8!
Missing character: There is no Â in font cmr8!
Missing character: There is no è in font cmr8!
Missing character: There is no ë in font cmr8!
Missing character: There is no Ô in font cmr8!
Missing character: There is no º in font cmr8!
Missing character: There is no å in font cmr8!
Missing character: There is no È in font cmr8!
Missing character: There is no ú in font cmr8!
Missing character: There is no Ä in font cmr8!
Missing character: There is no Ë in font cmr8!
Missing character: There is no ¶ in font cmr8!
Missing character: There is no Å in font cmr8!
Missing character: There is no Â in font cmr8!
Missing character: There is no ä in font cmr8!
Missing character: There is no † in font cmr8!
Missing character: There is no Â in font cmr8!
Missing character: There is no Ö in font cmr8!
Missing character: There is no • in font cmr8!
Missing character: There is no ‰ in font cmr8!
Missing character: There is no ∏ in font cmr8!
Missing character: There is no Ä in font cmr8!
Missing character: There is no ‰ in font cmr8!
Missing character: There is no ∏ in font cmr8!
Missing character: There is no ™ in font cmr8!
Missing character: There is no È in font cmr8!
Missing character: There is no ¢ in font cmr8!
Missing character: There is no ù in font cmr8!
Missing character: There is no Â in font cmr8!
Missing character: There is no § in font cmr8!
Missing character: There is no ñ in font cmr8!
Missing character: There is no Á in font cmr8!
Missing character: There is no ö in font cmr8!
Missing character: There is no Ñ in font cmr8!
Missing character: There is no Ô in font cmr8!
Missing character: There is no º in font cmr8!
Missing character: There is no å in font cmr8!
Missing character: There is no Â in font cmr8!
Missing character: There is no ¶ in font cmr8!
Missing character: There is no Ç in font cmr8!
Missing character: There is no Ê in font cmr8!
Missing character: There is no û in font cmr8!
Missing character: There is no ú in font cmr8!
Missing character: There is no Ë in font cmr8!
Missing character: There is no á in font cmr8!
Missing character: There is no ™ in font cmr8!
Missing character: There is no Â in font cmr8!
Missing character: There is no ∑ in font cmr8!
Missing character: There is no ± in font cmr8!
Missing character: There is no Á in font cmr8!
Missing character: There is no ö in font cmr8!
Missing character: There is no Ñ in font cmr8!
Missing character: There is no ‰ in font cmr8!
Missing character: There is no ø in font cmr8!
Missing character: There is no ° in font cmr8!
Missing character: There is no È in font cmr8!
Missing character: There is no Å in font cmr8!
Missing character: There is no ì in font cmr8!
Missing character: There is no È in font cmr8!
Missing character: There is no á in font cmr8!
Missing character: There is no å in font cmr8!
Missing character: There is no Ê in font cmr8!
Missing character: There is no ú in font cmr8!
Missing character: There is no â in font cmr8!
Missing character: There is no ‰ in font cmr8!
Missing character: There is no ∏ in font cmr8!
Missing character: There is no ∫ in font cmr8!
Missing character: There is no Á in font cmr8!
Missing character: There is no ö in font cmr8!
Missing character: There is no Ñ in font cmr8!
Missing character: There is no Ê in font cmr8!
Missing character: There is no ∂ in font cmr8!
Missing character: There is no à in font cmr8!
Missing character: There is no Ê in font cmr8!
Missing character: There is no Å in font cmr8!
Missing character: There is no Ø in font cmr8!
Missing character: There is no Ô in font cmr8!
Missing character: There is no º in font cmr8!
Missing character: There is no å in font cmr8!
Missing character: There is no Â in font cmr8!
Missing character: There is no à in font cmr8!
Missing character: There is no ô in font cmr8!
Missing character: There is no Â in font cmr8!
Missing character: There is no ê in font cmr8!
Missing character: There is no ë in font cmr8!
Missing character: There is no ‰ in font cmr8!
Missing character: There is no ∏ in font cmr8!
Missing character: There is no ä in font cmr8!
Missing character: There is no Â in font cmr8!
Missing character: There is no ± in font cmr8!
Missing character: There is no Ç in font cmr8!
Missing character: There is no Ë in font cmr8!
Missing character: There is no ä in font cmr8!
Missing character: There is no Ç in font cmr8!
Missing character: There is no Á in font cmr8!
Missing character: There is no Ç in font cmr8!
Missing character: There is no π in font cmr8!
Missing character: There is no Ë in font cmr8!
Missing character: There is no Ω in font cmr8!
Missing character: There is no ¨ in font cmr8!
Missing character: There is no Â in font cmr8!
Missing character: There is no è in font cmr8!
Missing character: There is no ë in font cmr8!
[7]
Overfull \hbox (144.07608pt too wide) in paragraph at lines 1824--1829
[][][][] 
 []


Overfull \hbox (104.84407pt too wide) in paragraph at lines 1837--1842
[][][][] 
 []


Overfull \hbox (171.2778pt too wide) in paragraph at lines 1851--1853
[][] 
 []


Overfull \hbox (9.21422pt too wide) in paragraph at lines 1853--1855
[][] 
 []


Overfull \hbox (144.07608pt too wide) in paragraph at lines 1884--1890
[][][][] 
 []


Overfull \hbox (104.84407pt too wide) in paragraph at lines 1917--1922
[][][][] 
 []


Overfull \hbox (171.2778pt too wide) in paragraph at lines 1931--1933
[][] 
 []


Overfull \hbox (9.21422pt too wide) in paragraph at lines 1933--1935
[][] 
 []

[8]
Overfull \hbox (87.09494pt too wide) in paragraph at lines 1965--1966
[][] 
 []


Overfull \hbox (84.10648pt too wide) in paragraph at lines 1983--1985
[][] 
 []


Overfull \hbox (35.82823pt too wide) in paragraph at lines 1985--1991
[][][][] 
 []


Overfull \hbox (6.56572pt too wide) in paragraph at lines 1991--1993
[][] 
 []


Overfull \hbox (69.05742pt too wide) in paragraph at lines 1993--1995
[][] 
 []


Overfull \hbox (32.4689pt too wide) in paragraph at lines 1995--1996
[][] 
 []


Overfull \hbox (53.88858pt too wide) in paragraph at lines 2002--2008
[][][][] 
 []


Overfull \hbox (143.7588pt too wide) in paragraph at lines 2011--2012
[][] 
 []


Overfull \hbox (59.30516pt too wide) in paragraph at lines 2018--2020
[][] 
 []


Overfull \hbox (78.30988pt too wide) in paragraph at lines 2028--2035
[][][][] 
 []


Overfull \hbox (103.47006pt too wide) in paragraph at lines 2035--2037
[][] 
 []


Overfull \hbox (27.92073pt too wide) in paragraph at lines 2037--2039
[][] 
 []


Overfull \hbox (64.9817pt too wide) in paragraph at lines 2039--2041
[][] 
 []


Overfull \hbox (69.71191pt too wide) in paragraph at lines 2041--2047
[][][][] 
 []


Overfull \hbox (24.35161pt too wide) in paragraph at lines 2049--2051
[][] 
 []


Overfull \hbox (17.80672pt too wide) in paragraph at lines 2051--2053
[][] 
 []


Overfull \hbox (47.9609pt too wide) in paragraph at lines 2053--2056
[][] 
 []

[9]
Overfull \hbox (187.50253pt too wide) in paragraph at lines 2056--2063
[][][][] 
 []


Overfull \hbox (250.02316pt too wide) in paragraph at lines 2063--2065
[][] 
 []


Overfull \hbox (68.5521pt too wide) in paragraph at lines 2065--2067
[][] 
 []


Overfull \hbox (25.16559pt too wide) in paragraph at lines 2069--2070
[][] 
 []

Missing character: There is no Ê in font cmr8!
Missing character: There is no ≥ in font cmr8!
Missing character: There is no ® in font cmr8!
Missing character: There is no Ê in font cmr8!
Missing character: There is no Ñ in font cmr8!
Missing character: There is no è in font cmr8!
Missing character: There is no Ô in font cmr8!
Missing character: There is no º in font cmr8!
Missing character: There is no ö in font cmr8!
Missing character: There is no Â in font cmr8!
Missing character: There is no è in font cmr8!
Missing character: There is no ™ in font cmr8!
Missing character: There is no Ê in font cmr8!
Missing character: There is no ú in font cmr8!
Missing character: There is no â in font cmr8!
Missing character: There is no Ê in font cmr8!
Missing character: There is no î in font cmr8!
Missing character: There is no ∂ in font cmr8!
Missing character: There is no Â in font cmr8!
Missing character: There is no à in font cmr8!
Missing character: There is no ∞ in font cmr8!
Missing character: There is no Â in font cmr8!
Missing character: There is no Ü in font cmr8!
Missing character: There is no ô in font cmr8!
Missing character: There is no Ê in font cmr8!
Missing character: There is no ì in font cmr8!
Missing character: There is no ç in font cmr8!
Missing character: There is no ‰ in font cmr8!
Missing character: There is no Ω in font cmr8!
Missing character: There is no ú in font cmr8!
Missing character: There is no Ê in font cmr8!
Missing character: There is no ó in font cmr8!
Missing character: There is no ∂ in font cmr8!
Missing character: There is no Ê in font cmr8!
Missing character: There is no â in font cmr8!
Missing character: There is no ç in font cmr8!
Missing character: There is no ‰ in font cmr8!
Missing character: There is no º in font cmr8!
Missing character: There is no ö in font cmr8!
Missing character: There is no Ë in font cmr8!
Missing character: There is no Æ in font cmr8!
Missing character: There is no ∞ in font cmr8!
Missing character: There is no Â in font cmr8!
Missing character: There is no Ω in font cmr8!
Missing character: There is no ï in font cmr8!
Missing character: There is no Á in font cmr8!
Missing character: There is no ö in font cmr8!
Missing character: There is no Ñ in font cmr8!

Overfull \hbox (2.28781pt too wide) in paragraph at lines 2082--2088
[][][][] 
 []


Overfull \hbox (64.2904pt too wide) in paragraph at lines 2088--2095
[][][][] 
 []


Overfull \hbox (36.16647pt too wide) in paragraph at lines 2102--2104
[][] 
 []


Overfull \hbox (161.65067pt too wide) in paragraph at lines 2117--2119
[][] 
 []


Overfull \hbox (25.99524pt too wide) in paragraph at lines 2119--2121
[][] 
 []


Overfull \hbox (138.15901pt too wide) in paragraph at lines 2121--2127
[][][][] 
 []


Overfull \hbox (30.0818pt too wide) in paragraph at lines 2129--2131
[][] 
 []


Overfull \hbox (118.83221pt too wide) in paragraph at lines 2144--2146
[][] 
 []


Overfull \hbox (4.33173pt too wide) in paragraph at lines 2160--2166
[][][][] 
 []


Overfull \hbox (25.16559pt too wide) in paragraph at lines 2166--2167
[][] 
 []

[10]
Overfull \hbox (35.93874pt too wide) in paragraph at lines 2193--2194
[][] 
 []


Overfull \hbox (83.49873pt too wide) in paragraph at lines 2204--2205
[][] 
 []


Overfull \hbox (67.24873pt too wide) in paragraph at lines 2210--2212
[][] 
 []


Overfull \hbox (29.46693pt too wide) in paragraph at lines 2214--2215
[][] 
 []


Overfull \hbox (152.78294pt too wide) in paragraph at lines 2229--2230
[][] 
 []


Overfull \hbox (124.53996pt too wide) in paragraph at lines 2239--2240
[][] 
 []


Overfull \hbox (12.31969pt too wide) in paragraph at lines 2282--2284
[][] 
 []

[11]
Overfull \hbox (90.45078pt too wide) in paragraph at lines 2296--2297
[][] 
 []


Overfull \hbox (64.64375pt too wide) in paragraph at lines 2319--2325
[][][][] 
 []


Overfull \hbox (62.03065pt too wide) in paragraph at lines 2328--2330
[][] 
 []


Overfull \hbox (116.47556pt too wide) in paragraph at lines 2343--2344
[][] 
 []

[12] [13] (./TunableMongoDB_RBK.aux) ) 
Here is how much of TeX's memory you used:
 1290 strings out of 493014
 15998 string characters out of 6133350
 91257 words of memory out of 5000000
 4865 multiletter control sequences out of 15000+600000
 9111 words of font info for 35 fonts, out of 8000000 for 9000
 1141 hyphenation exceptions out of 8191
 23i,11n,25p,243b,239s stack positions out of 5000i,500n,10000p,200000b,80000s
</usr/local/texlive/2016/texmf-dist/fonts
/type1/public/amsfonts/cm/cmcsc10.pfb></usr/local/texlive/2016/texmf-dist/fonts
/type1/public/amsfonts/cm/cmmi10.pfb></usr/local/texlive/2016/texmf-dist/fonts/
type1/public/amsfonts/cm/cmmi8.pfb></usr/local/texlive/2016/texmf-dist/fonts/ty
pe1/public/amsfonts/cm/cmr10.pfb></usr/local/texlive/2016/texmf-dist/fonts/type
1/public/amsfonts/cm/cmr5.pfb></usr/local/texlive/2016/texmf-dist/fonts/type1/p
ublic/amsfonts/cm/cmr8.pfb></usr/local/texlive/2016/texmf-dist/fonts/type1/publ
ic/amsfonts/cm/cmr9.pfb></usr/local/texlive/2016/texmf-dist/fonts/type1/public/
amsfonts/cm/cmss10.pfb></usr/local/texlive/2016/texmf-dist/fonts/type1/public/a
msfonts/cm/cmsy10.pfb></usr/local/texlive/2016/texmf-dist/fonts/type1/public/am
sfonts/cm/cmsy6.pfb></usr/local/texlive/2016/texmf-dist/fonts/type1/public/amsf
onts/cm/cmsy7.pfb></usr/local/texlive/2016/texmf-dist/fonts/type1/public/amsfon
ts/cm/cmsy8.pfb></usr/local/texlive/2016/texmf-dist/fonts/type1/public/amsfonts
/cm/cmti10.pfb></usr/local/texlive/2016/texmf-dist/fonts/type1/public/amsfonts/
cm/cmti7.pfb></usr/local/texlive/2016/texmf-dist/fonts/type1/public/amsfonts/cm
/cmti8.pfb></usr/local/texlive/2016/texmf-dist/fonts/type1/public/amsfonts/latx
font/lasy10.pfb>
Output written on TunableMongoDB_RBK.pdf (13 pages, 204296 bytes).
PDF statistics:
 111 PDF objects out of 1000 (max. 8388607)
 79 compressed objects within 1 object stream
 0 named destinations out of 1000 (max. 500000)
 1 words of extra memory for PDF output out of 10000 (max. 10000000)

